<?xml version="1.0" encoding="UTF-8"?>
<!-- Generated by org.testng.reporters.JUnitXMLReporter -->
<testsuite hostname="DESKTOP-BSD5S3P" ignored="0" name="Default test" tests="2" failures="0" timestamp="02 abr 2018 19:23:38 GMT" time="4.518" errors="0">
  <testcase name="Test_negativo" time="0.699" classname="com.salle.test.funcionales.header.Test_buscador"/>
  <testcase name="Test_positivo" time="0.001" classname="com.salle.test.funcionales.header.Test_buscador"/>
</testsuite> <!-- Default test -->
