<?xml version="1.0" encoding="UTF-8"?>
<testng-results skipped="0" failed="0" ignored="0" total="1" passed="1">
  <reporter-output>
  </reporter-output>
  <suite name="Default suite" duration-ms="9062" started-at="2017-11-26T18:16:06Z" finished-at="2017-11-26T18:16:15Z">
    <groups>
    </groups>
    <test name="Default test" duration-ms="9062" started-at="2017-11-26T18:16:06Z" finished-at="2017-11-26T18:16:15Z">
      <class name="com.salle.test.funcionales.header.Test_HeaderTest">
        <test-method status="PASS" signature="beforeClass()[pri:0, instance:com.salle.test.funcionales.header.Test_HeaderTest@5965d37]" name="beforeClass" is-config="true" duration-ms="2241" started-at="2017-11-26T19:16:06Z" finished-at="2017-11-26T19:16:08Z">
          <reporter-output>
          </reporter-output>
        </test-method> <!-- beforeClass -->
        <test-method status="PASS" signature="Header_Accesos()[pri:0, instance:com.salle.test.funcionales.header.Test_HeaderTest@5965d37]" name="Header_Accesos" duration-ms="6116" started-at="2017-11-26T19:16:08Z" finished-at="2017-11-26T19:16:14Z">
          <reporter-output>
          </reporter-output>
        </test-method> <!-- Header_Accesos -->
        <test-method status="PASS" signature="afterClass()[pri:0, instance:com.salle.test.funcionales.header.Test_HeaderTest@5965d37]" name="afterClass" is-config="true" duration-ms="689" started-at="2017-11-26T19:16:14Z" finished-at="2017-11-26T19:16:15Z">
          <reporter-output>
          </reporter-output>
        </test-method> <!-- afterClass -->
      </class> <!-- com.salle.test.funcionales.header.Test_HeaderTest -->
    </test> <!-- Default test -->
  </suite> <!-- Default suite -->
</testng-results>
