<?xml version="1.0" encoding="UTF-8"?>
<testng-results skipped="0" failed="0" ignored="0" total="2" passed="2">
  <reporter-output>
  </reporter-output>
  <suite name="Default suite" duration-ms="22443" started-at="2018-04-17T18:41:22Z" finished-at="2018-04-17T18:41:44Z">
    <groups>
    </groups>
    <test name="Default test" duration-ms="22443" started-at="2018-04-17T18:41:22Z" finished-at="2018-04-17T18:41:44Z">
      <class name="com.salle.test.funcionales.header.Test_buscador">
        <test-method status="PASS" signature="beforeClass()[pri:0, instance:com.salle.test.funcionales.header.Test_buscador@6cb107fd]" name="beforeClass" is-config="true" duration-ms="3222" started-at="2018-04-17T20:41:22Z" finished-at="2018-04-17T20:41:25Z">
          <reporter-output>
          </reporter-output>
        </test-method> <!-- beforeClass -->
        <test-method status="PASS" signature="Test_negativo()[pri:0, instance:com.salle.test.funcionales.header.Test_buscador@6cb107fd]" name="Test_negativo" duration-ms="13827" started-at="2018-04-17T20:41:25Z" finished-at="2018-04-17T20:41:39Z">
          <reporter-output>
          </reporter-output>
        </test-method> <!-- Test_negativo -->
        <test-method status="PASS" signature="Test_positivo()[pri:1, instance:com.salle.test.funcionales.header.Test_buscador@6cb107fd]" name="Test_positivo" duration-ms="4701" started-at="2018-04-17T20:41:39Z" finished-at="2018-04-17T20:41:44Z">
          <reporter-output>
          </reporter-output>
        </test-method> <!-- Test_positivo -->
        <test-method status="PASS" signature="afterClass()[pri:0, instance:com.salle.test.funcionales.header.Test_buscador@6cb107fd]" name="afterClass" is-config="true" duration-ms="665" started-at="2018-04-17T20:41:44Z" finished-at="2018-04-17T20:41:44Z">
          <reporter-output>
          </reporter-output>
        </test-method> <!-- afterClass -->
      </class> <!-- com.salle.test.funcionales.header.Test_buscador -->
    </test> <!-- Default test -->
  </suite> <!-- Default suite -->
</testng-results>
